<?xml version="1.0" encoding="UTF-8"?>
<testng-results ignored="0" total="1" passed="1" failed="0" skipped="0">
  <reporter-output>
  </reporter-output>
  <suite started-at="2022-10-17T18:26:56 IST" name="Default suite" finished-at="2022-10-17T18:26:56 IST" duration-ms="100">
    <groups>
    </groups>
    <test started-at="2022-10-17T18:26:56 IST" name="Default test" finished-at="2022-10-17T18:26:56 IST" duration-ms="100">
      <class name="arrayProgram.test">
        <test-method signature="method1()[pri:0, instance:arrayProgram.test@3fb1549b]" started-at="2022-10-17T18:26:56 IST" name="method1" finished-at="2022-10-17T18:26:56 IST" duration-ms="21" status="PASS">
          <reporter-output>
          </reporter-output>
        </test-method> <!-- method1 -->
      </class> <!-- arrayProgram.test -->
    </test> <!-- Default test -->
  </suite> <!-- Default suite -->
</testng-results>
